<?xml version="1.0" encoding="UTF-8"?>
<!-- Generated by org.testng.reporters.JUnitReportReporter -->
<testsuite hostname="DESKTOP-THI3GUN" name="Selenium_Java_Framework.Selenium_Java_Framework.TestNgDemo2" tests="1" failures="0" timestamp="21 Feb 2021 18:47:57 GMT" time="10.916" errors="0">
  <testcase name="googleSearch2" time="10.916" classname="Selenium_Java_Framework.Selenium_Java_Framework.TestNgDemo2"/>
</testsuite> <!-- Selenium_Java_Framework.Selenium_Java_Framework.TestNgDemo2 -->
