<?xml version="1.0" encoding="UTF-8"?>
<!-- Generated by org.testng.reporters.JUnitReportReporter -->
<testsuite hostname="DESKTOP-THI3GUN" name="Selenium_Java_Framework.Selenium_Java_Framework.TestNgDemo3" tests="1" failures="0" timestamp="21 Feb 2021 18:47:57 GMT" time="9.441" errors="0">
  <testcase name="googleSearch3" time="9.441" classname="Selenium_Java_Framework.Selenium_Java_Framework.TestNgDemo3"/>
</testsuite> <!-- Selenium_Java_Framework.Selenium_Java_Framework.TestNgDemo3 -->
