<?xml version="1.0" encoding="UTF-8"?>
<!-- Generated by org.testng.reporters.JUnitReportReporter -->
<testsuite hostname="DESKTOP-THI3GUN" name="Selenium_Java_Framework.Selenium_Java_Framework.TestNgDemo" tests="2" failures="0" timestamp="21 Feb 2021 18:47:57 GMT" time="27.022" errors="0">
  <testcase name="googleSearch" time="22.286" classname="Selenium_Java_Framework.Selenium_Java_Framework.TestNgDemo"/>
  <testcase name="googleSearch" time="4.736" classname="Selenium_Java_Framework.Selenium_Java_Framework.TestNgDemo"/>
</testsuite> <!-- Selenium_Java_Framework.Selenium_Java_Framework.TestNgDemo -->
